TN:
SF:/home/kazadmin/hh-fcc/hardhat-simple-storage-fcc/contracts/Lock.sol
FN:13,constructor
FN:23,withdraw
FNF:2
FNH:2
FNDA:4,constructor
FNDA:5,withdraw
DA:14,4
DA:19,3
DA:20,3
DA:27,5
DA:28,4
DA:30,3
DA:32,3
LF:7
LH:7
BRDA:14,1,0,3
BRDA:14,1,1,1
BRDA:27,2,0,4
BRDA:27,2,1,1
BRDA:28,3,0,3
BRDA:28,3,1,1
BRF:6
BRH:6
end_of_record
TN:
SF:/home/kazadmin/hh-fcc/hardhat-simple-storage-fcc/contracts/SimpleStorage.sol
FN:25,store
FN:29,retrieve
FN:33,addPerson
FNF:3
FNH:3
FNDA:1,store
FNDA:2,retrieve
FNDA:1,addPerson
DA:26,1
DA:30,2
DA:34,1
DA:35,1
LF:4
LH:4
BRF:0
BRH:0
end_of_record
